<?xml version="1.0" encoding="UTF-8"?>
<!-- Generated by org.testng.reporters.JUnitReportReporter -->
<testsuite hostname="Methulis-Air" failures="0" tests="2" name="com.actitime.qa.testcases.HomePageTest" time="46.088" errors="0" timestamp="07 Sep 2021 20:14:41 GMT" skipped="0">
  <testcase classname="com.actitime.qa.testcases.HomePageTest" name="homePageLogoTest" time="20.805"/>
  <testcase classname="com.actitime.qa.testcases.HomePageTest" name="homePageTaskLinkTest" time="25.283"/>
</testsuite> <!-- com.actitime.qa.testcases.HomePageTest -->
