<?xml version="1.0" encoding="UTF-8"?>
<!-- Generated by org.testng.reporters.JUnitReportReporter -->
<testsuite hostname="Methulis-Air" failures="0" tests="3" name="com.actitime.qa.testcases.LogonPageTest" time="43.349" errors="0" timestamp="07 Sep 2021 20:14:41 GMT" skipped="0">
  <testcase classname="com.actitime.qa.testcases.LogonPageTest" name="loginPageLogoTest" time="14.587"/>
  <testcase classname="com.actitime.qa.testcases.LogonPageTest" name="LoginTest" time="14.762"/>
  <testcase classname="com.actitime.qa.testcases.LogonPageTest" name="LoginTest" time="14.000"/>
</testsuite> <!-- com.actitime.qa.testcases.LogonPageTest -->
